[debug] [2024-12-16T05:42:05.082Z] ----------------------------------------------------------------------
[debug] [2024-12-16T05:42:05.085Z] Command:       C:\Program Files\nodejs\node.exe C:\Users\vanessa carvalhal\AppData\Roaming\npm\node_modules\firebase-tools\lib\bin\firebase.js emulators:start
[debug] [2024-12-16T05:42:05.086Z] CLI Version:   13.29.1
[debug] [2024-12-16T05:42:05.086Z] Platform:      win32
[debug] [2024-12-16T05:42:05.086Z] Node Version:  v22.12.0
[debug] [2024-12-16T05:42:05.087Z] Time:          Mon Dec 16 2024 02:42:05 GMT-0300 (Horário Padrão de Brasília)
[debug] [2024-12-16T05:42:05.087Z] ----------------------------------------------------------------------
[debug] 
[debug] [2024-12-16T05:42:05.222Z] > command requires scopes: ["email","openid","https://www.googleapis.com/auth/cloudplatformprojects.readonly","https://www.googleapis.com/auth/firebase","https://www.googleapis.com/auth/cloud-platform"]
[debug] [2024-12-16T05:42:05.223Z] > authorizing via signed-in user (vanessacarvalhal15@gmail.com)
[info] i  emulators: Starting emulators: functions, hosting, extensions {"metadata":{"emulator":{"name":"hub"},"message":"Starting emulators: functions, hosting, extensions"}}
[debug] [2024-12-16T05:42:05.227Z] Checked if tokens are valid: true, expires at: 1734328856058
[debug] [2024-12-16T05:42:05.227Z] Checked if tokens are valid: true, expires at: 1734328856058
[debug] [2024-12-16T05:42:05.228Z] >>> [apiv2][query] GET https://cloudresourcemanager.googleapis.com/v1/projects/transporte-29b62 [none]
[debug] [2024-12-16T05:42:06.195Z] <<< [apiv2][status] GET https://cloudresourcemanager.googleapis.com/v1/projects/transporte-29b62 200
[debug] [2024-12-16T05:42:06.195Z] <<< [apiv2][body] GET https://cloudresourcemanager.googleapis.com/v1/projects/transporte-29b62 {"projectNumber":"861122118905","projectId":"transporte-29b62","lifecycleState":"ACTIVE","name":"MobiTransfer","labels":{"firebase":"enabled"},"createTime":"2024-09-23T20:24:52.166352Z"}
[debug] [2024-12-16T05:42:06.210Z] [logging] Logging Emulator only supports listening on one address (127.0.0.1). Not listening on ::1
[debug] [2024-12-16T05:42:06.210Z] [hosting] Hosting Emulator only supports listening on one address (127.0.0.1). Not listening on ::1
[debug] [2024-12-16T05:42:06.210Z] assigned listening specs for emulators {"user":{"hub":[{"address":"127.0.0.1","family":"IPv4","port":4400},{"address":"::1","family":"IPv6","port":4400}],"ui":[{"address":"127.0.0.1","family":"IPv4","port":4000},{"address":"::1","family":"IPv6","port":4000}],"logging":[{"address":"127.0.0.1","family":"IPv4","port":4500}],"hosting":[{"address":"127.0.0.1","family":"IPv4","port":5000}]},"metadata":{"message":"assigned listening specs for emulators"}}
[debug] [2024-12-16T05:42:06.216Z] [hub] writing locator at C:\Users\VANESS~1\AppData\Local\Temp\hub-transporte-29b62.json
[debug] [2024-12-16T05:42:06.224Z] [Extensions] Started Extensions emulator, this is a noop.
[debug] [2024-12-16T05:42:06.229Z] [functions] Functions Emulator only supports listening on one address (127.0.0.1). Not listening on ::1
[debug] [2024-12-16T05:42:06.229Z] [eventarc] Eventarc Emulator only supports listening on one address (127.0.0.1). Not listening on ::1
[debug] [2024-12-16T05:42:06.229Z] [tasks] Cloud Tasks Emulator only supports listening on one address (127.0.0.1). Not listening on ::1
[debug] [2024-12-16T05:42:06.229Z] late-assigned ports for functions and eventarc emulators {"user":{"hub":[{"address":"127.0.0.1","family":"IPv4","port":4400},{"address":"::1","family":"IPv6","port":4400}],"ui":[{"address":"127.0.0.1","family":"IPv4","port":4000},{"address":"::1","family":"IPv6","port":4000}],"logging":[{"address":"127.0.0.1","family":"IPv4","port":4500}],"hosting":[{"address":"127.0.0.1","family":"IPv4","port":5000}],"functions":[{"address":"127.0.0.1","family":"IPv4","port":5001}],"eventarc":[{"address":"127.0.0.1","family":"IPv4","port":9299}],"tasks":[{"address":"127.0.0.1","family":"IPv4","port":9499}]},"metadata":{"message":"late-assigned ports for functions and eventarc emulators"}}
[warn] !  functions: The following emulators are not running, calls to these services from the Functions emulator will affect production: apphosting, auth, firestore, database, pubsub, storage, dataconnect {"metadata":{"emulator":{"name":"functions"},"message":"The following emulators are not running, calls to these services from the Functions emulator will affect production: \u001b[1mapphosting, auth, firestore, database, pubsub, storage, dataconnect\u001b[22m"}}
[debug] [2024-12-16T05:42:06.234Z] defaultcredentials: writing to file C:\Users\vanessa carvalhal\AppData\Roaming\firebase\vanessacarvalhal15_gmail_com_application_default_credentials.json
[debug] [2024-12-16T05:42:06.236Z] Setting GAC to C:\Users\vanessa carvalhal\AppData\Roaming\firebase\vanessacarvalhal15_gmail_com_application_default_credentials.json {"metadata":{"emulator":{"name":"functions"},"message":"Setting GAC to C:\\Users\\vanessa carvalhal\\AppData\\Roaming\\firebase\\vanessacarvalhal15_gmail_com_application_default_credentials.json"}}
[debug] [2024-12-16T05:42:06.236Z] Checked if tokens are valid: true, expires at: 1734328856058
[debug] [2024-12-16T05:42:06.237Z] Checked if tokens are valid: true, expires at: 1734328856058
[debug] [2024-12-16T05:42:06.237Z] >>> [apiv2][query] GET https://firebase.googleapis.com/v1beta1/projects/transporte-29b62/adminSdkConfig [none]
[debug] [2024-12-16T05:42:06.804Z] <<< [apiv2][status] GET https://firebase.googleapis.com/v1beta1/projects/transporte-29b62/adminSdkConfig 200
[debug] [2024-12-16T05:42:06.805Z] <<< [apiv2][body] GET https://firebase.googleapis.com/v1beta1/projects/transporte-29b62/adminSdkConfig {"projectId":"transporte-29b62","databaseURL":"https://transporte-29b62-default-rtdb.firebaseio.com","storageBucket":"transporte-29b62.firebasestorage.app"}
[debug] [2024-12-16T05:42:06.826Z] Checked if tokens are valid: true, expires at: 1734328856058
[debug] [2024-12-16T05:42:06.826Z] Checked if tokens are valid: true, expires at: 1734328856058
[debug] [2024-12-16T05:42:06.827Z] >>> [apiv2][query] GET https://firebasehosting.googleapis.com/v1beta1/projects/transporte-29b62/sites 
[debug] [2024-12-16T05:42:08.338Z] <<< [apiv2][status] GET https://firebasehosting.googleapis.com/v1beta1/projects/transporte-29b62/sites 200
[debug] [2024-12-16T05:42:08.339Z] <<< [apiv2][body] GET https://firebasehosting.googleapis.com/v1beta1/projects/transporte-29b62/sites {"sites":[{"name":"projects/transporte-29b62/sites/transporte-29b62","defaultUrl":"https://transporte-29b62.web.app","type":"DEFAULT_SITE"}]}
[debug] [2024-12-16T05:42:08.339Z] Checked if tokens are valid: true, expires at: 1734328856058
[debug] [2024-12-16T05:42:08.339Z] Checked if tokens are valid: true, expires at: 1734328856058
[debug] [2024-12-16T05:42:08.339Z] >>> [apiv2][query] GET https://firebase.googleapis.com/v1beta1/projects/transporte-29b62/webApps/-/config [none]
[debug] [2024-12-16T05:42:09.260Z] <<< [apiv2][status] GET https://firebase.googleapis.com/v1beta1/projects/transporte-29b62/webApps/-/config 200
[debug] [2024-12-16T05:42:09.260Z] <<< [apiv2][body] GET https://firebase.googleapis.com/v1beta1/projects/transporte-29b62/webApps/-/config {"projectId":"transporte-29b62","appId":"1:861122118905:web:9590b93e1b88e7b8d28e28","databaseURL":"https://transporte-29b62-default-rtdb.firebaseio.com","storageBucket":"transporte-29b62.firebasestorage.app","apiKey":"AIzaSyCz2B_6fT5W5R5FqNGAxBLgLvPzWroG-tU","authDomain":"transporte-29b62.firebaseapp.com","messagingSenderId":"861122118905","measurementId":"G-3HSMNGF6XY"}
[debug] [2024-12-16T05:42:09.271Z] Checked if tokens are valid: true, expires at: 1734328856058
[debug] [2024-12-16T05:42:09.271Z] Checked if tokens are valid: true, expires at: 1734328856058
[debug] [2024-12-16T05:42:09.272Z] >>> [apiv2][query] GET https://firebase.googleapis.com/v1beta1/projects/transporte-29b62 [none]
[debug] [2024-12-16T05:42:09.772Z] <<< [apiv2][status] GET https://firebase.googleapis.com/v1beta1/projects/transporte-29b62 200
[debug] [2024-12-16T05:42:09.773Z] <<< [apiv2][body] GET https://firebase.googleapis.com/v1beta1/projects/transporte-29b62 {"projectId":"transporte-29b62","projectNumber":"861122118905","displayName":"MobiTransfer","name":"projects/transporte-29b62","resources":{"hostingSite":"transporte-29b62","realtimeDatabaseInstance":"transporte-29b62-default-rtdb"},"state":"ACTIVE","etag":"1_21287390-d1a5-450f-a070-ad0e9d8d4532"}
[debug] [2024-12-16T05:42:09.776Z] Specified "public" directory "html-js" does not exist; Deploy to Hosting site "transporte-29b62" may fail or be empty.
[info] i  hosting[transporte-29b62]: Serving hosting files from: html-js {"metadata":{"emulator":{"name":"hosting"},"message":"Serving hosting files from: \u001b[1mhtml-js\u001b[22m"}}
[info] +  hosting[transporte-29b62]: Local server: http://127.0.0.1:5000 {"metadata":{"emulator":{"name":"hosting"},"message":"Local server: \u001b[4m\u001b[1mhttp://127.0.0.1:5000\u001b[22m\u001b[24m"}}
[debug] [2024-12-16T05:42:09.802Z] [Extensions] Connecting Extensions emulator, this is a noop.
[info] i  functions: Watching "C:\Users\vanessa carvalhal\Downloads\checkout-payment-sample-master\checkout-payment-sample-master\server\node\functions" for Cloud Functions... {"metadata":{"emulator":{"name":"functions"},"message":"Watching \"C:\\Users\\vanessa carvalhal\\Downloads\\checkout-payment-sample-master\\checkout-payment-sample-master\\server\\node\\functions\" for Cloud Functions..."}}
[debug] [2024-12-16T05:42:09.812Z] Validating nodejs source
[debug] [2024-12-16T05:42:10.867Z] > [functions] package.json contents: {
  "name": "functions",
  "description": "Cloud Functions for Firebase",
  "scripts": {
    "lint": "eslint .",
    "serve": "firebase emulators:start --only functions",
    "shell": "firebase functions:shell",
    "start": "npm run shell",
    "deploy": "firebase deploy --only functions",
    "logs": "firebase functions:log"
  },
  "engines": {
    "node": "22"
  },
  "main": "index.js",
  "dependencies": {
    "firebase-admin": "^12.6.0",
    "firebase-functions": "^6.0.1"
  },
  "devDependencies": {
    "eslint": "^8.15.0",
    "eslint-config-google": "^0.14.0",
    "firebase-functions-test": "^3.1.0"
  },
  "private": true
}
[debug] [2024-12-16T05:42:10.868Z] Building nodejs source
[debug] [2024-12-16T05:42:10.868Z] Failed to find version of module node: reached end of search path C:\Users\vanessa carvalhal\Downloads\checkout-payment-sample-master\checkout-payment-sample-master\server\node\functions\node_modules
[info] +  functions: Using node@22 from host. 
[debug] [2024-12-16T05:42:10.871Z] Could not find functions.yaml. Must use http discovery
[debug] [2024-12-16T05:42:10.878Z] Found firebase-functions binary at 'C:\Users\vanessa carvalhal\Downloads\checkout-payment-sample-master\checkout-payment-sample-master\server\node\functions\node_modules\.bin\firebase-functions'
[info] Serving at port 8018

[error] (node:4988) [DEP0040] DeprecationWarning: The `punycode` module is deprecated. Please use a userland alternative instead.
(Use `node --trace-deprecation ...` to show where the warning was created)

[debug] [2024-12-16T05:42:11.884Z] Got response from /__/functions.yaml {"endpoints":{"api":{"availableMemoryMb":null,"timeoutSeconds":null,"minInstances":null,"maxInstances":null,"ingressSettings":null,"concurrency":null,"serviceAccountEmail":null,"vpc":null,"platform":"gcfv2","labels":{},"httpsTrigger":{},"entryPoint":"api"}},"specVersion":"v1alpha1","requiredAPIs":[],"extensions":{}}
[debug] [2024-12-16T05:42:15.931Z] defaultcredentials: writing to file C:\Users\vanessa carvalhal\AppData\Roaming\firebase\vanessacarvalhal15_gmail_com_application_default_credentials.json
[debug] [2024-12-16T05:42:15.932Z] Setting GAC to C:\Users\vanessa carvalhal\AppData\Roaming\firebase\vanessacarvalhal15_gmail_com_application_default_credentials.json {"metadata":{"emulator":{"name":"functions"},"message":"Setting GAC to C:\\Users\\vanessa carvalhal\\AppData\\Roaming\\firebase\\vanessacarvalhal15_gmail_com_application_default_credentials.json"}}
[info] +  functions: Loaded functions definitions from source: api. {"metadata":{"emulator":{"name":"functions"},"message":"Loaded functions definitions from source: api."}}
[info] +  functions[us-central1-api]: http function initialized (http://127.0.0.1:5001/transporte-29b62/us-central1/api). {"metadata":{"emulator":{"name":"functions"},"message":"\u001b[1mhttp\u001b[22m function initialized (http://127.0.0.1:5001/transporte-29b62/us-central1/api)."}}
[debug] [2024-12-16T05:42:15.942Z] Could not find VSCode notification endpoint: FetchError: request to http://localhost:40001/vscode/notify failed, reason: connect ECONNREFUSED ::1:40001. If you are not running the Firebase Data Connect VSCode extension, this is expected and not an issue.
[info] 
┌─────────────────────────────────────────────────────────────┐
│ ✔  All emulators ready! It is now safe to connect your app. │
│ i  View Emulator UI at http://127.0.0.1:4000/               │
└─────────────────────────────────────────────────────────────┘

┌────────────┬────────────────┬──────────────────────────────────┐
│ Emulator   │ Host:Port      │ View in Emulator UI              │
├────────────┼────────────────┼──────────────────────────────────┤
│ Functions  │ 127.0.0.1:5001 │ http://127.0.0.1:4000/functions  │
├────────────┼────────────────┼──────────────────────────────────┤
│ Hosting    │ 127.0.0.1:5000 │ n/a                              │
├────────────┼────────────────┼──────────────────────────────────┤
│ Extensions │ 127.0.0.1:5001 │ http://127.0.0.1:4000/extensions │
└────────────┴────────────────┴──────────────────────────────────┘
  Emulator Hub running at 127.0.0.1:4400
  Other reserved ports: 4500
┌─────────────────────────┬───────────────┬─────────────────────┐
│ Extension Instance Name │ Extension Ref │ View in Emulator UI │
└─────────────────────────┴───────────────┴─────────────────────┘
Issues? Report them at https://github.com/firebase/firebase-tools/issues and attach the *-debug.log files.
 
[debug] [2024-12-16T05:42:32.657Z] [work-queue] {"queuedWork":["/transporte-29b62/us-central1/api/create_preference-2024-12-16T05:42:32.657Z"],"queueLength":1,"runningWork":[],"workRunningCount":0}
[debug] [2024-12-16T05:42:32.658Z] [work-queue] {"queuedWork":[],"queueLength":0,"runningWork":["/transporte-29b62/us-central1/api/create_preference-2024-12-16T05:42:32.657Z"],"workRunningCount":1}
[debug] [2024-12-16T05:42:32.659Z] Accepted request POST /transporte-29b62/us-central1/api/create_preference --> us-central1-api
[debug] [2024-12-16T05:42:32.664Z] [functions] Runtime ready! Sending request! {"metadata":{"emulator":{"name":"functions"},"message":"[functions] Runtime ready! Sending request!"}}
[debug] [2024-12-16T05:42:32.665Z] [functions] Got req.url=/transporte-29b62/us-central1/api/create_preference, mapping to path=/create_preference {"metadata":{"emulator":{"name":"functions"},"message":"[functions] Got req.url=/transporte-29b62/us-central1/api/create_preference, mapping to path=/create_preference"}}
[debug] [2024-12-16T05:42:32.679Z] [worker-pool] addWorker(us-central1-api) {"metadata":{"emulator":{"name":"functions"},"message":"[worker-pool] addWorker(us-central1-api)"}}
[debug] [2024-12-16T05:42:32.680Z] [worker-pool] Adding worker with key us-central1-api, total=1 {"metadata":{"emulator":{"name":"functions"},"message":"[worker-pool] Adding worker with key us-central1-api, total=1"}}
[info] >  (node:12984) [DEP0040] DeprecationWarning: The `punycode` module is deprecated. Please use a userland alternative instead. {"user":"(node:12984) [DEP0040] DeprecationWarning: The `punycode` module is deprecated. Please use a userland alternative instead.","metadata":{"emulator":{"name":"functions"},"function":{"name":"us-central1-api"},"extension":{},"message":"\u001b[90m> \u001b[39m (node:12984) [DEP0040] DeprecationWarning: The `punycode` module is deprecated. Please use a userland alternative instead."}}
[info] >  (Use `node --trace-deprecation ...` to show where the warning was created) {"user":"(Use `node --trace-deprecation ...` to show where the warning was created)","metadata":{"emulator":{"name":"functions"},"function":{"name":"us-central1-api"},"extension":{},"message":"\u001b[90m> \u001b[39m (Use `node --trace-deprecation ...` to show where the warning was created)"}}
[debug] [2024-12-16T05:42:34.284Z] [runtime-status] [12984] Resolved module firebase-admin {"declared":true,"installed":true,"version":"12.7.0","resolution":"C:\\Users\\vanessa carvalhal\\Downloads\\checkout-payment-sample-master\\checkout-payment-sample-master\\server\\node\\functions\\node_modules\\firebase-admin\\lib\\index.js"} {"metadata":{"emulator":{"name":"functions"},"function":{"name":"us-central1-api"},"extension":{},"message":"[runtime-status] [12984] Resolved module firebase-admin {\"declared\":true,\"installed\":true,\"version\":\"12.7.0\",\"resolution\":\"C:\\\\Users\\\\vanessa carvalhal\\\\Downloads\\\\checkout-payment-sample-master\\\\checkout-payment-sample-master\\\\server\\\\node\\\\functions\\\\node_modules\\\\firebase-admin\\\\lib\\\\index.js\"}"}}
[debug] [2024-12-16T05:42:34.286Z] [runtime-status] [12984] Resolved module firebase-functions {"declared":true,"installed":true,"version":"6.1.2","resolution":"C:\\Users\\vanessa carvalhal\\Downloads\\checkout-payment-sample-master\\checkout-payment-sample-master\\server\\node\\functions\\node_modules\\firebase-functions\\lib\\v2\\index.js"} {"metadata":{"emulator":{"name":"functions"},"function":{"name":"us-central1-api"},"extension":{},"message":"[runtime-status] [12984] Resolved module firebase-functions {\"declared\":true,\"installed\":true,\"version\":\"6.1.2\",\"resolution\":\"C:\\\\Users\\\\vanessa carvalhal\\\\Downloads\\\\checkout-payment-sample-master\\\\checkout-payment-sample-master\\\\server\\\\node\\\\functions\\\\node_modules\\\\firebase-functions\\\\lib\\\\v2\\\\index.js\"}"}}
[debug] [2024-12-16T05:42:34.286Z] [runtime-status] [12984] Outgoing network have been stubbed. [{"name":"http","status":"mocked"},{"name":"http","status":"mocked"},{"name":"https","status":"mocked"},{"name":"https","status":"mocked"},{"name":"net","status":"mocked"}] {"metadata":{"emulator":{"name":"functions"},"function":{"name":"us-central1-api"},"extension":{},"message":"[runtime-status] [12984] Outgoing network have been stubbed. [{\"name\":\"http\",\"status\":\"mocked\"},{\"name\":\"http\",\"status\":\"mocked\"},{\"name\":\"https\",\"status\":\"mocked\"},{\"name\":\"https\",\"status\":\"mocked\"},{\"name\":\"net\",\"status\":\"mocked\"}]"}}
[debug] [2024-12-16T05:42:34.287Z] [runtime-status] [12984] Resolved module firebase-functions {"declared":true,"installed":true,"version":"6.1.2","resolution":"C:\\Users\\vanessa carvalhal\\Downloads\\checkout-payment-sample-master\\checkout-payment-sample-master\\server\\node\\functions\\node_modules\\firebase-functions\\lib\\v2\\index.js"} {"metadata":{"emulator":{"name":"functions"},"function":{"name":"us-central1-api"},"extension":{},"message":"[runtime-status] [12984] Resolved module firebase-functions {\"declared\":true,\"installed\":true,\"version\":\"6.1.2\",\"resolution\":\"C:\\\\Users\\\\vanessa carvalhal\\\\Downloads\\\\checkout-payment-sample-master\\\\checkout-payment-sample-master\\\\server\\\\node\\\\functions\\\\node_modules\\\\firebase-functions\\\\lib\\\\v2\\\\index.js\"}"}}
[debug] [2024-12-16T05:42:34.713Z] [runtime-status] [12984] Checked functions.config() {"config":{}} {"metadata":{"emulator":{"name":"functions"},"function":{"name":"us-central1-api"},"extension":{},"message":"[runtime-status] [12984] Checked functions.config() {\"config\":{}}"}}
[debug] [2024-12-16T05:42:34.713Z] [runtime-status] [12984] firebase-functions has been stubbed. {"functionsResolution":{"declared":true,"installed":true,"version":"6.1.2","resolution":"C:\\Users\\vanessa carvalhal\\Downloads\\checkout-payment-sample-master\\checkout-payment-sample-master\\server\\node\\functions\\node_modules\\firebase-functions\\lib\\v2\\index.js"}} {"metadata":{"emulator":{"name":"functions"},"function":{"name":"us-central1-api"},"extension":{},"message":"[runtime-status] [12984] firebase-functions has been stubbed. {\"functionsResolution\":{\"declared\":true,\"installed\":true,\"version\":\"6.1.2\",\"resolution\":\"C:\\\\Users\\\\vanessa carvalhal\\\\Downloads\\\\checkout-payment-sample-master\\\\checkout-payment-sample-master\\\\server\\\\node\\\\functions\\\\node_modules\\\\firebase-functions\\\\lib\\\\v2\\\\index.js\"}}"}}
[debug] [2024-12-16T05:42:34.714Z] [runtime-status] [12984] Resolved module firebase-functions {"declared":true,"installed":true,"version":"6.1.2","resolution":"C:\\Users\\vanessa carvalhal\\Downloads\\checkout-payment-sample-master\\checkout-payment-sample-master\\server\\node\\functions\\node_modules\\firebase-functions\\lib\\v2\\index.js"} {"metadata":{"emulator":{"name":"functions"},"function":{"name":"us-central1-api"},"extension":{},"message":"[runtime-status] [12984] Resolved module firebase-functions {\"declared\":true,\"installed\":true,\"version\":\"6.1.2\",\"resolution\":\"C:\\\\Users\\\\vanessa carvalhal\\\\Downloads\\\\checkout-payment-sample-master\\\\checkout-payment-sample-master\\\\server\\\\node\\\\functions\\\\node_modules\\\\firebase-functions\\\\lib\\\\v2\\\\index.js\"}"}}
[debug] [2024-12-16T05:42:34.720Z] [runtime-status] [12984] Resolved module firebase-admin {"declared":true,"installed":true,"version":"12.7.0","resolution":"C:\\Users\\vanessa carvalhal\\Downloads\\checkout-payment-sample-master\\checkout-payment-sample-master\\server\\node\\functions\\node_modules\\firebase-admin\\lib\\index.js"} {"metadata":{"emulator":{"name":"functions"},"function":{"name":"us-central1-api"},"extension":{},"message":"[runtime-status] [12984] Resolved module firebase-admin {\"declared\":true,\"installed\":true,\"version\":\"12.7.0\",\"resolution\":\"C:\\\\Users\\\\vanessa carvalhal\\\\Downloads\\\\checkout-payment-sample-master\\\\checkout-payment-sample-master\\\\server\\\\node\\\\functions\\\\node_modules\\\\firebase-admin\\\\lib\\\\index.js\"}"}}
[debug] [2024-12-16T05:42:34.723Z] [runtime-status] [12984] Resolved module firebase-functions {"declared":true,"installed":true,"version":"6.1.2","resolution":"C:\\Users\\vanessa carvalhal\\Downloads\\checkout-payment-sample-master\\checkout-payment-sample-master\\server\\node\\functions\\node_modules\\firebase-functions\\lib\\v2\\index.js"} {"metadata":{"emulator":{"name":"functions"},"function":{"name":"us-central1-api"},"extension":{},"message":"[runtime-status] [12984] Resolved module firebase-functions {\"declared\":true,\"installed\":true,\"version\":\"6.1.2\",\"resolution\":\"C:\\\\Users\\\\vanessa carvalhal\\\\Downloads\\\\checkout-payment-sample-master\\\\checkout-payment-sample-master\\\\server\\\\node\\\\functions\\\\node_modules\\\\firebase-functions\\\\lib\\\\v2\\\\index.js\"}"}}
[debug] [2024-12-16T05:42:34.724Z] [runtime-status] [12984] firebase-admin has been stubbed. {"adminResolution":{"declared":true,"installed":true,"version":"12.7.0","resolution":"C:\\Users\\vanessa carvalhal\\Downloads\\checkout-payment-sample-master\\checkout-payment-sample-master\\server\\node\\functions\\node_modules\\firebase-admin\\lib\\index.js"}} {"metadata":{"emulator":{"name":"functions"},"function":{"name":"us-central1-api"},"extension":{},"message":"[runtime-status] [12984] firebase-admin has been stubbed. {\"adminResolution\":{\"declared\":true,\"installed\":true,\"version\":\"12.7.0\",\"resolution\":\"C:\\\\Users\\\\vanessa carvalhal\\\\Downloads\\\\checkout-payment-sample-master\\\\checkout-payment-sample-master\\\\server\\\\node\\\\functions\\\\node_modules\\\\firebase-admin\\\\lib\\\\index.js\"}}"}}
[debug] [2024-12-16T05:42:35.105Z] [runtime-status] [12984] Functions runtime initialized. {"cwd":"C:\\Users\\vanessa carvalhal\\Downloads\\checkout-payment-sample-master\\checkout-payment-sample-master\\server\\node\\functions","node_version":"22.12.0"} {"metadata":{"emulator":{"name":"functions"},"function":{"name":"us-central1-api"},"extension":{},"message":"[runtime-status] [12984] Functions runtime initialized. {\"cwd\":\"C:\\\\Users\\\\vanessa carvalhal\\\\Downloads\\\\checkout-payment-sample-master\\\\checkout-payment-sample-master\\\\server\\\\node\\\\functions\",\"node_version\":\"22.12.0\"}"}}
[debug] [2024-12-16T05:42:35.106Z] [runtime-status] [12984] Listening to port: \\?\pipe\fire_emu_df9108468a67596f {"metadata":{"emulator":{"name":"functions"},"function":{"name":"us-central1-api"},"extension":{},"message":"[runtime-status] [12984] Listening to port: \\\\?\\pipe\\fire_emu_df9108468a67596f"}}
[debug] [2024-12-16T05:42:35.185Z] [worker-us-central1-api-27ed1b55-bcc3-4435-97ca-1b9558661652]: IDLE {"metadata":{"emulator":{"name":"functions"},"function":{"name":"us-central1-api"},"extension":{},"message":"[worker-us-central1-api-27ed1b55-bcc3-4435-97ca-1b9558661652]: IDLE"}}
[debug] [2024-12-16T05:42:35.186Z] [worker-pool] submitRequest(triggerId=us-central1-api) {"metadata":{"emulator":{"name":"functions"},"message":"[worker-pool] submitRequest(triggerId=us-central1-api)"}}
[info] i  functions: Beginning execution of "us-central1-api" {"metadata":{"emulator":{"name":"functions"},"function":{"name":"us-central1-api"},"extension":{},"message":"Beginning execution of \"us-central1-api\""}}
[debug] [2024-12-16T05:42:35.187Z] [worker-us-central1-api-27ed1b55-bcc3-4435-97ca-1b9558661652]: BUSY {"metadata":{"emulator":{"name":"functions"},"function":{"name":"us-central1-api"},"extension":{},"message":"[worker-us-central1-api-27ed1b55-bcc3-4435-97ca-1b9558661652]: BUSY"}}
[warn] !  It looks like you're trying to access functions.config().app but there is no value there. You can learn more about setting up config here: https://firebase.google.com/docs/functions/local-emulator {"metadata":{"emulator":{"name":"functions"},"function":{"name":"us-central1-api"},"extension":{},"message":"It looks like you're trying to access functions.config().app but there is no value there. You can learn more about setting up config here: https://firebase.google.com/docs/functions/local-emulator"}}
[debug] [2024-12-16T05:42:35.215Z] Finishing up request with event=pause {"metadata":{"emulator":{"name":"functions"},"function":{"name":"us-central1-api"},"extension":{},"message":"Finishing up request with event=pause"}}
[info] i  functions: Finished "us-central1-api" in 28.6851ms {"metadata":{"emulator":{"name":"functions"},"function":{"name":"us-central1-api"},"extension":{},"message":"Finished \"us-central1-api\" in 28.6851ms"}}
[debug] [2024-12-16T05:42:35.217Z] [worker-us-central1-api-27ed1b55-bcc3-4435-97ca-1b9558661652]: IDLE {"metadata":{"emulator":{"name":"functions"},"function":{"name":"us-central1-api"},"extension":{},"message":"[worker-us-central1-api-27ed1b55-bcc3-4435-97ca-1b9558661652]: IDLE"}}
[debug] [2024-12-16T05:42:35.217Z] Finishing up request with event=finish {"metadata":{"emulator":{"name":"functions"},"function":{"name":"us-central1-api"},"extension":{},"message":"Finishing up request with event=finish"}}
[debug] [2024-12-16T05:42:35.218Z] Finishing up request with event=close {"metadata":{"emulator":{"name":"functions"},"function":{"name":"us-central1-api"},"extension":{},"message":"Finishing up request with event=close"}}
[debug] [2024-12-16T05:42:35.218Z] [work-queue] {"queuedWork":[],"queueLength":0,"runningWork":[],"workRunningCount":0}
[info] >  TypeError: Cannot read properties of undefined (reading 'success_url') {"user":"TypeError: Cannot read properties of undefined (reading 'success_url')","metadata":{"emulator":{"name":"functions"},"function":{"name":"us-central1-api"},"extension":{},"message":"\u001b[90m> \u001b[39m TypeError: Cannot read properties of undefined (reading 'success_url')"}}
[info] >      at C:\Users\vanessa carvalhal\Downloads\checkout-payment-sample-master\checkout-payment-sample-master\server\node\functions\index.js:34:44 {"user":"    at C:\\Users\\vanessa carvalhal\\Downloads\\checkout-payment-sample-master\\checkout-payment-sample-master\\server\\node\\functions\\index.js:34:44","metadata":{"emulator":{"name":"functions"},"function":{"name":"us-central1-api"},"extension":{},"message":"\u001b[90m> \u001b[39m     at C:\\Users\\vanessa carvalhal\\Downloads\\checkout-payment-sample-master\\checkout-payment-sample-master\\server\\node\\functions\\index.js:34:44"}}
[info] >      at Layer.handle [as handle_request] (C:\Users\vanessa carvalhal\Downloads\checkout-payment-sample-master\checkout-payment-sample-master\server\node\functions\node_modules\express\lib\router\layer.js:95:5) {"user":"    at Layer.handle [as handle_request] (C:\\Users\\vanessa carvalhal\\Downloads\\checkout-payment-sample-master\\checkout-payment-sample-master\\server\\node\\functions\\node_modules\\express\\lib\\router\\layer.js:95:5)","metadata":{"emulator":{"name":"functions"},"function":{"name":"us-central1-api"},"extension":{},"message":"\u001b[90m> \u001b[39m     at Layer.handle [as handle_request] (C:\\Users\\vanessa carvalhal\\Downloads\\checkout-payment-sample-master\\checkout-payment-sample-master\\server\\node\\functions\\node_modules\\express\\lib\\router\\layer.js:95:5)"}}
[info] >      at next (C:\Users\vanessa carvalhal\Downloads\checkout-payment-sample-master\checkout-payment-sample-master\server\node\functions\node_modules\express\lib\router\route.js:149:13) {"user":"    at next (C:\\Users\\vanessa carvalhal\\Downloads\\checkout-payment-sample-master\\checkout-payment-sample-master\\server\\node\\functions\\node_modules\\express\\lib\\router\\route.js:149:13)","metadata":{"emulator":{"name":"functions"},"function":{"name":"us-central1-api"},"extension":{},"message":"\u001b[90m> \u001b[39m     at next (C:\\Users\\vanessa carvalhal\\Downloads\\checkout-payment-sample-master\\checkout-payment-sample-master\\server\\node\\functions\\node_modules\\express\\lib\\router\\route.js:149:13)"}}
[info] >      at Route.dispatch (C:\Users\vanessa carvalhal\Downloads\checkout-payment-sample-master\checkout-payment-sample-master\server\node\functions\node_modules\express\lib\router\route.js:119:3) {"user":"    at Route.dispatch (C:\\Users\\vanessa carvalhal\\Downloads\\checkout-payment-sample-master\\checkout-payment-sample-master\\server\\node\\functions\\node_modules\\express\\lib\\router\\route.js:119:3)","metadata":{"emulator":{"name":"functions"},"function":{"name":"us-central1-api"},"extension":{},"message":"\u001b[90m> \u001b[39m     at Route.dispatch (C:\\Users\\vanessa carvalhal\\Downloads\\checkout-payment-sample-master\\checkout-payment-sample-master\\server\\node\\functions\\node_modules\\express\\lib\\router\\route.js:119:3)"}}
[info] >      at Layer.handle [as handle_request] (C:\Users\vanessa carvalhal\Downloads\checkout-payment-sample-master\checkout-payment-sample-master\server\node\functions\node_modules\express\lib\router\layer.js:95:5) {"user":"    at Layer.handle [as handle_request] (C:\\Users\\vanessa carvalhal\\Downloads\\checkout-payment-sample-master\\checkout-payment-sample-master\\server\\node\\functions\\node_modules\\express\\lib\\router\\layer.js:95:5)","metadata":{"emulator":{"name":"functions"},"function":{"name":"us-central1-api"},"extension":{},"message":"\u001b[90m> \u001b[39m     at Layer.handle [as handle_request] (C:\\Users\\vanessa carvalhal\\Downloads\\checkout-payment-sample-master\\checkout-payment-sample-master\\server\\node\\functions\\node_modules\\express\\lib\\router\\layer.js:95:5)"}}
[info] >      at C:\Users\vanessa carvalhal\Downloads\checkout-payment-sample-master\checkout-payment-sample-master\server\node\functions\node_modules\express\lib\router\index.js:284:15 {"user":"    at C:\\Users\\vanessa carvalhal\\Downloads\\checkout-payment-sample-master\\checkout-payment-sample-master\\server\\node\\functions\\node_modules\\express\\lib\\router\\index.js:284:15","metadata":{"emulator":{"name":"functions"},"function":{"name":"us-central1-api"},"extension":{},"message":"\u001b[90m> \u001b[39m     at C:\\Users\\vanessa carvalhal\\Downloads\\checkout-payment-sample-master\\checkout-payment-sample-master\\server\\node\\functions\\node_modules\\express\\lib\\router\\index.js:284:15"}}
[info] >      at Function.process_params (C:\Users\vanessa carvalhal\Downloads\checkout-payment-sample-master\checkout-payment-sample-master\server\node\functions\node_modules\express\lib\router\index.js:346:12) {"user":"    at Function.process_params (C:\\Users\\vanessa carvalhal\\Downloads\\checkout-payment-sample-master\\checkout-payment-sample-master\\server\\node\\functions\\node_modules\\express\\lib\\router\\index.js:346:12)","metadata":{"emulator":{"name":"functions"},"function":{"name":"us-central1-api"},"extension":{},"message":"\u001b[90m> \u001b[39m     at Function.process_params (C:\\Users\\vanessa carvalhal\\Downloads\\checkout-payment-sample-master\\checkout-payment-sample-master\\server\\node\\functions\\node_modules\\express\\lib\\router\\index.js:346:12)"}}
[info] >      at next (C:\Users\vanessa carvalhal\Downloads\checkout-payment-sample-master\checkout-payment-sample-master\server\node\functions\node_modules\express\lib\router\index.js:280:10) {"user":"    at next (C:\\Users\\vanessa carvalhal\\Downloads\\checkout-payment-sample-master\\checkout-payment-sample-master\\server\\node\\functions\\node_modules\\express\\lib\\router\\index.js:280:10)","metadata":{"emulator":{"name":"functions"},"function":{"name":"us-central1-api"},"extension":{},"message":"\u001b[90m> \u001b[39m     at next (C:\\Users\\vanessa carvalhal\\Downloads\\checkout-payment-sample-master\\checkout-payment-sample-master\\server\\node\\functions\\node_modules\\express\\lib\\router\\index.js:280:10)"}}
[info] >      at cors (C:\Users\vanessa carvalhal\Downloads\checkout-payment-sample-master\checkout-payment-sample-master\server\node\functions\node_modules\cors\lib\index.js:188:7) {"user":"    at cors (C:\\Users\\vanessa carvalhal\\Downloads\\checkout-payment-sample-master\\checkout-payment-sample-master\\server\\node\\functions\\node_modules\\cors\\lib\\index.js:188:7)","metadata":{"emulator":{"name":"functions"},"function":{"name":"us-central1-api"},"extension":{},"message":"\u001b[90m> \u001b[39m     at cors (C:\\Users\\vanessa carvalhal\\Downloads\\checkout-payment-sample-master\\checkout-payment-sample-master\\server\\node\\functions\\node_modules\\cors\\lib\\index.js:188:7)"}}
[info] >      at C:\Users\vanessa carvalhal\Downloads\checkout-payment-sample-master\checkout-payment-sample-master\server\node\functions\node_modules\cors\lib\index.js:224:17 {"user":"    at C:\\Users\\vanessa carvalhal\\Downloads\\checkout-payment-sample-master\\checkout-payment-sample-master\\server\\node\\functions\\node_modules\\cors\\lib\\index.js:224:17","metadata":{"emulator":{"name":"functions"},"function":{"name":"us-central1-api"},"extension":{},"message":"\u001b[90m> \u001b[39m     at C:\\Users\\vanessa carvalhal\\Downloads\\checkout-payment-sample-master\\checkout-payment-sample-master\\server\\node\\functions\\node_modules\\cors\\lib\\index.js:224:17"}}
[info] >      at originCallback (C:\Users\vanessa carvalhal\Downloads\checkout-payment-sample-master\checkout-payment-sample-master\server\node\functions\node_modules\cors\lib\index.js:214:15) {"user":"    at originCallback (C:\\Users\\vanessa carvalhal\\Downloads\\checkout-payment-sample-master\\checkout-payment-sample-master\\server\\node\\functions\\node_modules\\cors\\lib\\index.js:214:15)","metadata":{"emulator":{"name":"functions"},"function":{"name":"us-central1-api"},"extension":{},"message":"\u001b[90m> \u001b[39m     at originCallback (C:\\Users\\vanessa carvalhal\\Downloads\\checkout-payment-sample-master\\checkout-payment-sample-master\\server\\node\\functions\\node_modules\\cors\\lib\\index.js:214:15)"}}
[info] >      at C:\Users\vanessa carvalhal\Downloads\checkout-payment-sample-master\checkout-payment-sample-master\server\node\functions\node_modules\cors\lib\index.js:219:13 {"user":"    at C:\\Users\\vanessa carvalhal\\Downloads\\checkout-payment-sample-master\\checkout-payment-sample-master\\server\\node\\functions\\node_modules\\cors\\lib\\index.js:219:13","metadata":{"emulator":{"name":"functions"},"function":{"name":"us-central1-api"},"extension":{},"message":"\u001b[90m> \u001b[39m     at C:\\Users\\vanessa carvalhal\\Downloads\\checkout-payment-sample-master\\checkout-payment-sample-master\\server\\node\\functions\\node_modules\\cors\\lib\\index.js:219:13"}}
[info] >      at optionsCallback (C:\Users\vanessa carvalhal\Downloads\checkout-payment-sample-master\checkout-payment-sample-master\server\node\functions\node_modules\cors\lib\index.js:199:9) {"user":"    at optionsCallback (C:\\Users\\vanessa carvalhal\\Downloads\\checkout-payment-sample-master\\checkout-payment-sample-master\\server\\node\\functions\\node_modules\\cors\\lib\\index.js:199:9)","metadata":{"emulator":{"name":"functions"},"function":{"name":"us-central1-api"},"extension":{},"message":"\u001b[90m> \u001b[39m     at optionsCallback (C:\\Users\\vanessa carvalhal\\Downloads\\checkout-payment-sample-master\\checkout-payment-sample-master\\server\\node\\functions\\node_modules\\cors\\lib\\index.js:199:9)"}}
[info] >      at corsMiddleware (C:\Users\vanessa carvalhal\Downloads\checkout-payment-sample-master\checkout-payment-sample-master\server\node\functions\node_modules\cors\lib\index.js:204:7) {"user":"    at corsMiddleware (C:\\Users\\vanessa carvalhal\\Downloads\\checkout-payment-sample-master\\checkout-payment-sample-master\\server\\node\\functions\\node_modules\\cors\\lib\\index.js:204:7)","metadata":{"emulator":{"name":"functions"},"function":{"name":"us-central1-api"},"extension":{},"message":"\u001b[90m> \u001b[39m     at corsMiddleware (C:\\Users\\vanessa carvalhal\\Downloads\\checkout-payment-sample-master\\checkout-payment-sample-master\\server\\node\\functions\\node_modules\\cors\\lib\\index.js:204:7)"}}
[info] >      at Layer.handle [as handle_request] (C:\Users\vanessa carvalhal\Downloads\checkout-payment-sample-master\checkout-payment-sample-master\server\node\functions\node_modules\express\lib\router\layer.js:95:5) {"user":"    at Layer.handle [as handle_request] (C:\\Users\\vanessa carvalhal\\Downloads\\checkout-payment-sample-master\\checkout-payment-sample-master\\server\\node\\functions\\node_modules\\express\\lib\\router\\layer.js:95:5)","metadata":{"emulator":{"name":"functions"},"function":{"name":"us-central1-api"},"extension":{},"message":"\u001b[90m> \u001b[39m     at Layer.handle [as handle_request] (C:\\Users\\vanessa carvalhal\\Downloads\\checkout-payment-sample-master\\checkout-payment-sample-master\\server\\node\\functions\\node_modules\\express\\lib\\router\\layer.js:95:5)"}}
[info] >      at trim_prefix (C:\Users\vanessa carvalhal\Downloads\checkout-payment-sample-master\checkout-payment-sample-master\server\node\functions\node_modules\express\lib\router\index.js:328:13) {"user":"    at trim_prefix (C:\\Users\\vanessa carvalhal\\Downloads\\checkout-payment-sample-master\\checkout-payment-sample-master\\server\\node\\functions\\node_modules\\express\\lib\\router\\index.js:328:13)","metadata":{"emulator":{"name":"functions"},"function":{"name":"us-central1-api"},"extension":{},"message":"\u001b[90m> \u001b[39m     at trim_prefix (C:\\Users\\vanessa carvalhal\\Downloads\\checkout-payment-sample-master\\checkout-payment-sample-master\\server\\node\\functions\\node_modules\\express\\lib\\router\\index.js:328:13)"}}
[debug] [2024-12-16T05:43:28.017Z] File C:\Users\vanessa carvalhal\Downloads\checkout-payment-sample-master\checkout-payment-sample-master\server\node\functions\index.js changed, reloading triggers {"metadata":{"emulator":{"name":"functions"},"message":"File C:\\Users\\vanessa carvalhal\\Downloads\\checkout-payment-sample-master\\checkout-payment-sample-master\\server\\node\\functions\\index.js changed, reloading triggers"}}
[debug] [2024-12-16T05:43:29.027Z] Validating nodejs source
[debug] [2024-12-16T05:43:30.346Z] > [functions] package.json contents: {
  "name": "functions",
  "description": "Cloud Functions for Firebase",
  "scripts": {
    "lint": "eslint .",
    "serve": "firebase emulators:start --only functions",
    "shell": "firebase functions:shell",
    "start": "npm run shell",
    "deploy": "firebase deploy --only functions",
    "logs": "firebase functions:log"
  },
  "engines": {
    "node": "22"
  },
  "main": "index.js",
  "dependencies": {
    "firebase-admin": "^12.6.0",
    "firebase-functions": "^6.0.1"
  },
  "devDependencies": {
    "eslint": "^8.15.0",
    "eslint-config-google": "^0.14.0",
    "firebase-functions-test": "^3.1.0"
  },
  "private": true
}
[debug] [2024-12-16T05:43:30.346Z] Building nodejs source
[debug] [2024-12-16T05:43:30.347Z] Failed to find version of module node: reached end of search path C:\Users\vanessa carvalhal\Downloads\checkout-payment-sample-master\checkout-payment-sample-master\server\node\functions\node_modules
[info] +  functions: Using node@22 from host. 
[debug] [2024-12-16T05:43:30.348Z] Could not find functions.yaml. Must use http discovery
[debug] [2024-12-16T05:43:30.356Z] Found firebase-functions binary at 'C:\Users\vanessa carvalhal\Downloads\checkout-payment-sample-master\checkout-payment-sample-master\server\node\functions\node_modules\.bin\firebase-functions'
[info] Serving at port 8431

[error] (node:5300) [DEP0040] DeprecationWarning: The `punycode` module is deprecated. Please use a userland alternative instead.
(Use `node --trace-deprecation ...` to show where the warning was created)

[debug] [2024-12-16T05:43:31.397Z] Got response from /__/functions.yaml {"endpoints":{"api":{"availableMemoryMb":null,"timeoutSeconds":null,"minInstances":null,"maxInstances":null,"ingressSettings":null,"concurrency":null,"serviceAccountEmail":null,"vpc":null,"platform":"gcfv2","labels":{},"httpsTrigger":{},"entryPoint":"api"}},"specVersion":"v1alpha1","requiredAPIs":[],"extensions":{}}
[debug] [2024-12-16T05:43:31.717Z] File C:\Users\vanessa carvalhal\Downloads\checkout-payment-sample-master\checkout-payment-sample-master\server\node\functions\index.js changed, reloading triggers {"metadata":{"emulator":{"name":"functions"},"message":"File C:\\Users\\vanessa carvalhal\\Downloads\\checkout-payment-sample-master\\checkout-payment-sample-master\\server\\node\\functions\\index.js changed, reloading triggers"}}
[debug] [2024-12-16T05:43:32.723Z] Validating nodejs source
[debug] [2024-12-16T05:43:33.895Z] > [functions] package.json contents: {
  "name": "functions",
  "description": "Cloud Functions for Firebase",
  "scripts": {
    "lint": "eslint .",
    "serve": "firebase emulators:start --only functions",
    "shell": "firebase functions:shell",
    "start": "npm run shell",
    "deploy": "firebase deploy --only functions",
    "logs": "firebase functions:log"
  },
  "engines": {
    "node": "22"
  },
  "main": "index.js",
  "dependencies": {
    "firebase-admin": "^12.6.0",
    "firebase-functions": "^6.0.1"
  },
  "devDependencies": {
    "eslint": "^8.15.0",
    "eslint-config-google": "^0.14.0",
    "firebase-functions-test": "^3.1.0"
  },
  "private": true
}
[debug] [2024-12-16T05:43:33.895Z] Building nodejs source
[debug] [2024-12-16T05:43:33.895Z] Failed to find version of module node: reached end of search path C:\Users\vanessa carvalhal\Downloads\checkout-payment-sample-master\checkout-payment-sample-master\server\node\functions\node_modules
[info] +  functions: Using node@22 from host. 
[debug] [2024-12-16T05:43:33.896Z] Could not find functions.yaml. Must use http discovery
[debug] [2024-12-16T05:43:33.902Z] Found firebase-functions binary at 'C:\Users\vanessa carvalhal\Downloads\checkout-payment-sample-master\checkout-payment-sample-master\server\node\functions\node_modules\.bin\firebase-functions'
[info] Serving at port 8921

[error] (node:13460) [DEP0040] DeprecationWarning: The `punycode` module is deprecated. Please use a userland alternative instead.
(Use `node --trace-deprecation ...` to show where the warning was created)

[debug] [2024-12-16T05:43:34.910Z] Got response from /__/functions.yaml {"endpoints":{"api":{"availableMemoryMb":null,"timeoutSeconds":null,"minInstances":null,"maxInstances":null,"ingressSettings":null,"concurrency":null,"serviceAccountEmail":null,"vpc":null,"platform":"gcfv2","labels":{},"httpsTrigger":{},"entryPoint":"api"}},"specVersion":"v1alpha1","requiredAPIs":[],"extensions":{}}
[debug] [2024-12-16T05:43:35.435Z] defaultcredentials: writing to file C:\Users\vanessa carvalhal\AppData\Roaming\firebase\vanessacarvalhal15_gmail_com_application_default_credentials.json
[debug] [2024-12-16T05:43:35.436Z] Setting GAC to C:\Users\vanessa carvalhal\AppData\Roaming\firebase\vanessacarvalhal15_gmail_com_application_default_credentials.json {"metadata":{"emulator":{"name":"functions"},"message":"Setting GAC to C:\\Users\\vanessa carvalhal\\AppData\\Roaming\\firebase\\vanessacarvalhal15_gmail_com_application_default_credentials.json"}}
[info] +  functions: Loaded functions definitions from source: api. {"metadata":{"emulator":{"name":"functions"},"message":"Loaded functions definitions from source: api."}}
[debug] [2024-12-16T05:43:35.438Z] [worker-pool] Shutting down IDLE worker (us-central1-api) {"metadata":{"emulator":{"name":"functions"},"message":"[worker-pool] Shutting down IDLE worker (us-central1-api)"}}
[debug] [2024-12-16T05:43:35.438Z] [worker-us-central1-api-27ed1b55-bcc3-4435-97ca-1b9558661652]: FINISHING {"metadata":{"emulator":{"name":"functions"},"function":{"name":"us-central1-api"},"extension":{},"message":"[worker-us-central1-api-27ed1b55-bcc3-4435-97ca-1b9558661652]: FINISHING"}}
[debug] [2024-12-16T05:43:35.449Z] [worker-us-central1-api-27ed1b55-bcc3-4435-97ca-1b9558661652]: exited {"metadata":{"emulator":{"name":"functions"},"function":{"name":"us-central1-api"},"extension":{},"message":"[worker-us-central1-api-27ed1b55-bcc3-4435-97ca-1b9558661652]: exited"}}
[debug] [2024-12-16T05:43:35.449Z] [worker-us-central1-api-27ed1b55-bcc3-4435-97ca-1b9558661652]: FINISHED {"metadata":{"emulator":{"name":"functions"},"function":{"name":"us-central1-api"},"extension":{},"message":"[worker-us-central1-api-27ed1b55-bcc3-4435-97ca-1b9558661652]: FINISHED"}}
[debug] [2024-12-16T05:43:38.944Z] defaultcredentials: writing to file C:\Users\vanessa carvalhal\AppData\Roaming\firebase\vanessacarvalhal15_gmail_com_application_default_credentials.json
[debug] [2024-12-16T05:43:38.945Z] Setting GAC to C:\Users\vanessa carvalhal\AppData\Roaming\firebase\vanessacarvalhal15_gmail_com_application_default_credentials.json {"metadata":{"emulator":{"name":"functions"},"message":"Setting GAC to C:\\Users\\vanessa carvalhal\\AppData\\Roaming\\firebase\\vanessacarvalhal15_gmail_com_application_default_credentials.json"}}
[info] +  functions: Loaded functions definitions from source: api. {"metadata":{"emulator":{"name":"functions"},"message":"Loaded functions definitions from source: api."}}
[debug] [2024-12-16T05:43:43.905Z] [work-queue] {"queuedWork":["/transporte-29b62/us-central1/api/create_preference-2024-12-16T05:43:43.905Z"],"queueLength":1,"runningWork":[],"workRunningCount":0}
[debug] [2024-12-16T05:43:43.906Z] [work-queue] {"queuedWork":[],"queueLength":0,"runningWork":["/transporte-29b62/us-central1/api/create_preference-2024-12-16T05:43:43.905Z"],"workRunningCount":1}
[debug] [2024-12-16T05:43:43.906Z] Accepted request POST /transporte-29b62/us-central1/api/create_preference --> us-central1-api
[debug] [2024-12-16T05:43:43.911Z] [functions] Runtime ready! Sending request! {"metadata":{"emulator":{"name":"functions"},"message":"[functions] Runtime ready! Sending request!"}}
[debug] [2024-12-16T05:43:43.911Z] [functions] Got req.url=/transporte-29b62/us-central1/api/create_preference, mapping to path=/create_preference {"metadata":{"emulator":{"name":"functions"},"message":"[functions] Got req.url=/transporte-29b62/us-central1/api/create_preference, mapping to path=/create_preference"}}
[debug] [2024-12-16T05:43:43.911Z] [worker-pool] Cleaned up workers for us-central1-api: 1 --> 0 {"metadata":{"emulator":{"name":"functions"},"message":"[worker-pool] Cleaned up workers for us-central1-api: 1 --> 0"}}
[debug] [2024-12-16T05:43:43.918Z] [worker-pool] addWorker(us-central1-api) {"metadata":{"emulator":{"name":"functions"},"message":"[worker-pool] addWorker(us-central1-api)"}}
[debug] [2024-12-16T05:43:43.919Z] [worker-pool] Adding worker with key us-central1-api, total=1 {"metadata":{"emulator":{"name":"functions"},"message":"[worker-pool] Adding worker with key us-central1-api, total=1"}}
[info] >  (node:19384) [DEP0040] DeprecationWarning: The `punycode` module is deprecated. Please use a userland alternative instead. {"user":"(node:19384) [DEP0040] DeprecationWarning: The `punycode` module is deprecated. Please use a userland alternative instead.","metadata":{"emulator":{"name":"functions"},"function":{"name":"us-central1-api"},"extension":{},"message":"\u001b[90m> \u001b[39m (node:19384) [DEP0040] DeprecationWarning: The `punycode` module is deprecated. Please use a userland alternative instead."}}
[info] >  (Use `node --trace-deprecation ...` to show where the warning was created) {"user":"(Use `node --trace-deprecation ...` to show where the warning was created)","metadata":{"emulator":{"name":"functions"},"function":{"name":"us-central1-api"},"extension":{},"message":"\u001b[90m> \u001b[39m (Use `node --trace-deprecation ...` to show where the warning was created)"}}
[debug] [2024-12-16T05:43:45.498Z] [runtime-status] [19384] Resolved module firebase-admin {"declared":true,"installed":true,"version":"12.7.0","resolution":"C:\\Users\\vanessa carvalhal\\Downloads\\checkout-payment-sample-master\\checkout-payment-sample-master\\server\\node\\functions\\node_modules\\firebase-admin\\lib\\index.js"} {"metadata":{"emulator":{"name":"functions"},"function":{"name":"us-central1-api"},"extension":{},"message":"[runtime-status] [19384] Resolved module firebase-admin {\"declared\":true,\"installed\":true,\"version\":\"12.7.0\",\"resolution\":\"C:\\\\Users\\\\vanessa carvalhal\\\\Downloads\\\\checkout-payment-sample-master\\\\checkout-payment-sample-master\\\\server\\\\node\\\\functions\\\\node_modules\\\\firebase-admin\\\\lib\\\\index.js\"}"}}
[debug] [2024-12-16T05:43:45.500Z] [runtime-status] [19384] Resolved module firebase-functions {"declared":true,"installed":true,"version":"6.1.2","resolution":"C:\\Users\\vanessa carvalhal\\Downloads\\checkout-payment-sample-master\\checkout-payment-sample-master\\server\\node\\functions\\node_modules\\firebase-functions\\lib\\v2\\index.js"} {"metadata":{"emulator":{"name":"functions"},"function":{"name":"us-central1-api"},"extension":{},"message":"[runtime-status] [19384] Resolved module firebase-functions {\"declared\":true,\"installed\":true,\"version\":\"6.1.2\",\"resolution\":\"C:\\\\Users\\\\vanessa carvalhal\\\\Downloads\\\\checkout-payment-sample-master\\\\checkout-payment-sample-master\\\\server\\\\node\\\\functions\\\\node_modules\\\\firebase-functions\\\\lib\\\\v2\\\\index.js\"}"}}
[debug] [2024-12-16T05:43:45.501Z] [runtime-status] [19384] Outgoing network have been stubbed. [{"name":"http","status":"mocked"},{"name":"http","status":"mocked"},{"name":"https","status":"mocked"},{"name":"https","status":"mocked"},{"name":"net","status":"mocked"}] {"metadata":{"emulator":{"name":"functions"},"function":{"name":"us-central1-api"},"extension":{},"message":"[runtime-status] [19384] Outgoing network have been stubbed. [{\"name\":\"http\",\"status\":\"mocked\"},{\"name\":\"http\",\"status\":\"mocked\"},{\"name\":\"https\",\"status\":\"mocked\"},{\"name\":\"https\",\"status\":\"mocked\"},{\"name\":\"net\",\"status\":\"mocked\"}]"}}
[debug] [2024-12-16T05:43:45.503Z] [runtime-status] [19384] Resolved module firebase-functions {"declared":true,"installed":true,"version":"6.1.2","resolution":"C:\\Users\\vanessa carvalhal\\Downloads\\checkout-payment-sample-master\\checkout-payment-sample-master\\server\\node\\functions\\node_modules\\firebase-functions\\lib\\v2\\index.js"} {"metadata":{"emulator":{"name":"functions"},"function":{"name":"us-central1-api"},"extension":{},"message":"[runtime-status] [19384] Resolved module firebase-functions {\"declared\":true,\"installed\":true,\"version\":\"6.1.2\",\"resolution\":\"C:\\\\Users\\\\vanessa carvalhal\\\\Downloads\\\\checkout-payment-sample-master\\\\checkout-payment-sample-master\\\\server\\\\node\\\\functions\\\\node_modules\\\\firebase-functions\\\\lib\\\\v2\\\\index.js\"}"}}
[debug] [2024-12-16T05:43:45.941Z] [runtime-status] [19384] Checked functions.config() {"config":{}} {"metadata":{"emulator":{"name":"functions"},"function":{"name":"us-central1-api"},"extension":{},"message":"[runtime-status] [19384] Checked functions.config() {\"config\":{}}"}}
[debug] [2024-12-16T05:43:45.941Z] [runtime-status] [19384] firebase-functions has been stubbed. {"functionsResolution":{"declared":true,"installed":true,"version":"6.1.2","resolution":"C:\\Users\\vanessa carvalhal\\Downloads\\checkout-payment-sample-master\\checkout-payment-sample-master\\server\\node\\functions\\node_modules\\firebase-functions\\lib\\v2\\index.js"}} {"metadata":{"emulator":{"name":"functions"},"function":{"name":"us-central1-api"},"extension":{},"message":"[runtime-status] [19384] firebase-functions has been stubbed. {\"functionsResolution\":{\"declared\":true,\"installed\":true,\"version\":\"6.1.2\",\"resolution\":\"C:\\\\Users\\\\vanessa carvalhal\\\\Downloads\\\\checkout-payment-sample-master\\\\checkout-payment-sample-master\\\\server\\\\node\\\\functions\\\\node_modules\\\\firebase-functions\\\\lib\\\\v2\\\\index.js\"}}"}}
[debug] [2024-12-16T05:43:45.942Z] [runtime-status] [19384] Resolved module firebase-functions {"declared":true,"installed":true,"version":"6.1.2","resolution":"C:\\Users\\vanessa carvalhal\\Downloads\\checkout-payment-sample-master\\checkout-payment-sample-master\\server\\node\\functions\\node_modules\\firebase-functions\\lib\\v2\\index.js"} {"metadata":{"emulator":{"name":"functions"},"function":{"name":"us-central1-api"},"extension":{},"message":"[runtime-status] [19384] Resolved module firebase-functions {\"declared\":true,\"installed\":true,\"version\":\"6.1.2\",\"resolution\":\"C:\\\\Users\\\\vanessa carvalhal\\\\Downloads\\\\checkout-payment-sample-master\\\\checkout-payment-sample-master\\\\server\\\\node\\\\functions\\\\node_modules\\\\firebase-functions\\\\lib\\\\v2\\\\index.js\"}"}}
[debug] [2024-12-16T05:43:45.946Z] [runtime-status] [19384] Resolved module firebase-admin {"declared":true,"installed":true,"version":"12.7.0","resolution":"C:\\Users\\vanessa carvalhal\\Downloads\\checkout-payment-sample-master\\checkout-payment-sample-master\\server\\node\\functions\\node_modules\\firebase-admin\\lib\\index.js"} {"metadata":{"emulator":{"name":"functions"},"function":{"name":"us-central1-api"},"extension":{},"message":"[runtime-status] [19384] Resolved module firebase-admin {\"declared\":true,\"installed\":true,\"version\":\"12.7.0\",\"resolution\":\"C:\\\\Users\\\\vanessa carvalhal\\\\Downloads\\\\checkout-payment-sample-master\\\\checkout-payment-sample-master\\\\server\\\\node\\\\functions\\\\node_modules\\\\firebase-admin\\\\lib\\\\index.js\"}"}}
[debug] [2024-12-16T05:43:45.949Z] [runtime-status] [19384] Resolved module firebase-functions {"declared":true,"installed":true,"version":"6.1.2","resolution":"C:\\Users\\vanessa carvalhal\\Downloads\\checkout-payment-sample-master\\checkout-payment-sample-master\\server\\node\\functions\\node_modules\\firebase-functions\\lib\\v2\\index.js"} {"metadata":{"emulator":{"name":"functions"},"function":{"name":"us-central1-api"},"extension":{},"message":"[runtime-status] [19384] Resolved module firebase-functions {\"declared\":true,\"installed\":true,\"version\":\"6.1.2\",\"resolution\":\"C:\\\\Users\\\\vanessa carvalhal\\\\Downloads\\\\checkout-payment-sample-master\\\\checkout-payment-sample-master\\\\server\\\\node\\\\functions\\\\node_modules\\\\firebase-functions\\\\lib\\\\v2\\\\index.js\"}"}}
[debug] [2024-12-16T05:43:45.950Z] [runtime-status] [19384] firebase-admin has been stubbed. {"adminResolution":{"declared":true,"installed":true,"version":"12.7.0","resolution":"C:\\Users\\vanessa carvalhal\\Downloads\\checkout-payment-sample-master\\checkout-payment-sample-master\\server\\node\\functions\\node_modules\\firebase-admin\\lib\\index.js"}} {"metadata":{"emulator":{"name":"functions"},"function":{"name":"us-central1-api"},"extension":{},"message":"[runtime-status] [19384] firebase-admin has been stubbed. {\"adminResolution\":{\"declared\":true,\"installed\":true,\"version\":\"12.7.0\",\"resolution\":\"C:\\\\Users\\\\vanessa carvalhal\\\\Downloads\\\\checkout-payment-sample-master\\\\checkout-payment-sample-master\\\\server\\\\node\\\\functions\\\\node_modules\\\\firebase-admin\\\\lib\\\\index.js\"}}"}}
[debug] [2024-12-16T05:43:46.349Z] [runtime-status] [19384] Functions runtime initialized. {"cwd":"C:\\Users\\vanessa carvalhal\\Downloads\\checkout-payment-sample-master\\checkout-payment-sample-master\\server\\node\\functions","node_version":"22.12.0"} {"metadata":{"emulator":{"name":"functions"},"function":{"name":"us-central1-api"},"extension":{},"message":"[runtime-status] [19384] Functions runtime initialized. {\"cwd\":\"C:\\\\Users\\\\vanessa carvalhal\\\\Downloads\\\\checkout-payment-sample-master\\\\checkout-payment-sample-master\\\\server\\\\node\\\\functions\",\"node_version\":\"22.12.0\"}"}}
[debug] [2024-12-16T05:43:46.349Z] [runtime-status] [19384] Listening to port: \\?\pipe\fire_emu_31d0a18c3f766e8f {"metadata":{"emulator":{"name":"functions"},"function":{"name":"us-central1-api"},"extension":{},"message":"[runtime-status] [19384] Listening to port: \\\\?\\pipe\\fire_emu_31d0a18c3f766e8f"}}
[debug] [2024-12-16T05:43:46.431Z] [worker-us-central1-api-7f0bab3a-7d70-4a43-8c3f-d52ec966deeb]: IDLE {"metadata":{"emulator":{"name":"functions"},"function":{"name":"us-central1-api"},"extension":{},"message":"[worker-us-central1-api-7f0bab3a-7d70-4a43-8c3f-d52ec966deeb]: IDLE"}}
[debug] [2024-12-16T05:43:46.432Z] [worker-pool] submitRequest(triggerId=us-central1-api) {"metadata":{"emulator":{"name":"functions"},"message":"[worker-pool] submitRequest(triggerId=us-central1-api)"}}
[info] i  functions: Beginning execution of "us-central1-api" {"metadata":{"emulator":{"name":"functions"},"function":{"name":"us-central1-api"},"extension":{},"message":"Beginning execution of \"us-central1-api\""}}
[debug] [2024-12-16T05:43:46.433Z] [worker-us-central1-api-7f0bab3a-7d70-4a43-8c3f-d52ec966deeb]: BUSY {"metadata":{"emulator":{"name":"functions"},"function":{"name":"us-central1-api"},"extension":{},"message":"[worker-us-central1-api-7f0bab3a-7d70-4a43-8c3f-d52ec966deeb]: BUSY"}}
[warn] !  External network resource requested!
   - URL: "https://api.mercadopago.com/checkout/preferences"
 - Be careful, this may be a production service. {"metadata":{"emulator":{"name":"functions"},"function":{"name":"us-central1-api"},"extension":{},"message":"External network resource requested!\n   - URL: \"https://api.mercadopago.com/checkout/preferences\"\n - Be careful, this may be a production service."}}
[debug] [2024-12-16T05:43:47.289Z] Finishing up request with event=pause {"metadata":{"emulator":{"name":"functions"},"function":{"name":"us-central1-api"},"extension":{},"message":"Finishing up request with event=pause"}}
[info] i  functions: Finished "us-central1-api" in 856.9246ms {"metadata":{"emulator":{"name":"functions"},"function":{"name":"us-central1-api"},"extension":{},"message":"Finished \"us-central1-api\" in 856.9246ms"}}
[debug] [2024-12-16T05:43:47.290Z] [worker-us-central1-api-7f0bab3a-7d70-4a43-8c3f-d52ec966deeb]: IDLE {"metadata":{"emulator":{"name":"functions"},"function":{"name":"us-central1-api"},"extension":{},"message":"[worker-us-central1-api-7f0bab3a-7d70-4a43-8c3f-d52ec966deeb]: IDLE"}}
[debug] [2024-12-16T05:43:47.291Z] Finishing up request with event=finish {"metadata":{"emulator":{"name":"functions"},"function":{"name":"us-central1-api"},"extension":{},"message":"Finishing up request with event=finish"}}
[debug] [2024-12-16T05:43:47.291Z] Finishing up request with event=close {"metadata":{"emulator":{"name":"functions"},"function":{"name":"us-central1-api"},"extension":{},"message":"Finishing up request with event=close"}}
[debug] [2024-12-16T05:43:47.291Z] [work-queue] {"queuedWork":[],"queueLength":0,"runningWork":[],"workRunningCount":0}
[debug] [2024-12-16T05:44:23.965Z] File C:\Users\vanessa carvalhal\Downloads\checkout-payment-sample-master\checkout-payment-sample-master\server\node\functions\index.js changed, reloading triggers {"metadata":{"emulator":{"name":"functions"},"message":"File C:\\Users\\vanessa carvalhal\\Downloads\\checkout-payment-sample-master\\checkout-payment-sample-master\\server\\node\\functions\\index.js changed, reloading triggers"}}
[debug] [2024-12-16T05:44:24.971Z] Validating nodejs source
[debug] [2024-12-16T05:44:26.265Z] > [functions] package.json contents: {
  "name": "functions",
  "description": "Cloud Functions for Firebase",
  "scripts": {
    "lint": "eslint .",
    "serve": "firebase emulators:start --only functions",
    "shell": "firebase functions:shell",
    "start": "npm run shell",
    "deploy": "firebase deploy --only functions",
    "logs": "firebase functions:log"
  },
  "engines": {
    "node": "22"
  },
  "main": "index.js",
  "dependencies": {
    "firebase-admin": "^12.6.0",
    "firebase-functions": "^6.0.1"
  },
  "devDependencies": {
    "eslint": "^8.15.0",
    "eslint-config-google": "^0.14.0",
    "firebase-functions-test": "^3.1.0"
  },
  "private": true
}
[debug] [2024-12-16T05:44:26.266Z] Building nodejs source
[debug] [2024-12-16T05:44:26.266Z] Failed to find version of module node: reached end of search path C:\Users\vanessa carvalhal\Downloads\checkout-payment-sample-master\checkout-payment-sample-master\server\node\functions\node_modules
[info] +  functions: Using node@22 from host. 
[debug] [2024-12-16T05:44:26.267Z] Could not find functions.yaml. Must use http discovery
[debug] [2024-12-16T05:44:26.272Z] Found firebase-functions binary at 'C:\Users\vanessa carvalhal\Downloads\checkout-payment-sample-master\checkout-payment-sample-master\server\node\functions\node_modules\.bin\firebase-functions'
[info] Serving at port 8529

[error] (node:11600) [DEP0040] DeprecationWarning: The `punycode` module is deprecated. Please use a userland alternative instead.
(Use `node --trace-deprecation ...` to show where the warning was created)

[debug] [2024-12-16T05:44:27.254Z] Got response from /__/functions.yaml {"endpoints":{"api":{"availableMemoryMb":null,"timeoutSeconds":null,"minInstances":null,"maxInstances":null,"ingressSettings":null,"concurrency":null,"serviceAccountEmail":null,"vpc":null,"platform":"gcfv2","labels":{},"httpsTrigger":{},"entryPoint":"api"}},"specVersion":"v1alpha1","requiredAPIs":[],"extensions":{}}
[debug] [2024-12-16T05:44:31.280Z] defaultcredentials: writing to file C:\Users\vanessa carvalhal\AppData\Roaming\firebase\vanessacarvalhal15_gmail_com_application_default_credentials.json
[debug] [2024-12-16T05:44:31.281Z] Setting GAC to C:\Users\vanessa carvalhal\AppData\Roaming\firebase\vanessacarvalhal15_gmail_com_application_default_credentials.json {"metadata":{"emulator":{"name":"functions"},"message":"Setting GAC to C:\\Users\\vanessa carvalhal\\AppData\\Roaming\\firebase\\vanessacarvalhal15_gmail_com_application_default_credentials.json"}}
[info] +  functions: Loaded functions definitions from source: api. {"metadata":{"emulator":{"name":"functions"},"message":"Loaded functions definitions from source: api."}}
[debug] [2024-12-16T05:44:31.283Z] [worker-pool] Shutting down IDLE worker (us-central1-api) {"metadata":{"emulator":{"name":"functions"},"message":"[worker-pool] Shutting down IDLE worker (us-central1-api)"}}
[debug] [2024-12-16T05:44:31.283Z] [worker-us-central1-api-7f0bab3a-7d70-4a43-8c3f-d52ec966deeb]: FINISHING {"metadata":{"emulator":{"name":"functions"},"function":{"name":"us-central1-api"},"extension":{},"message":"[worker-us-central1-api-7f0bab3a-7d70-4a43-8c3f-d52ec966deeb]: FINISHING"}}
[debug] [2024-12-16T05:44:31.297Z] [worker-us-central1-api-7f0bab3a-7d70-4a43-8c3f-d52ec966deeb]: exited {"metadata":{"emulator":{"name":"functions"},"function":{"name":"us-central1-api"},"extension":{},"message":"[worker-us-central1-api-7f0bab3a-7d70-4a43-8c3f-d52ec966deeb]: exited"}}
[debug] [2024-12-16T05:44:31.298Z] [worker-us-central1-api-7f0bab3a-7d70-4a43-8c3f-d52ec966deeb]: FINISHED {"metadata":{"emulator":{"name":"functions"},"function":{"name":"us-central1-api"},"extension":{},"message":"[worker-us-central1-api-7f0bab3a-7d70-4a43-8c3f-d52ec966deeb]: FINISHED"}}
[debug] [2024-12-16T05:44:36.492Z] [work-queue] {"queuedWork":["/transporte-29b62/us-central1/api/create_preference-2024-12-16T05:44:36.492Z"],"queueLength":1,"runningWork":[],"workRunningCount":0}
[debug] [2024-12-16T05:44:36.492Z] [work-queue] {"queuedWork":[],"queueLength":0,"runningWork":["/transporte-29b62/us-central1/api/create_preference-2024-12-16T05:44:36.492Z"],"workRunningCount":1}
[debug] [2024-12-16T05:44:36.492Z] Accepted request POST /transporte-29b62/us-central1/api/create_preference --> us-central1-api
[debug] [2024-12-16T05:44:36.497Z] [functions] Runtime ready! Sending request! {"metadata":{"emulator":{"name":"functions"},"message":"[functions] Runtime ready! Sending request!"}}
[debug] [2024-12-16T05:44:36.497Z] [functions] Got req.url=/transporte-29b62/us-central1/api/create_preference, mapping to path=/create_preference {"metadata":{"emulator":{"name":"functions"},"message":"[functions] Got req.url=/transporte-29b62/us-central1/api/create_preference, mapping to path=/create_preference"}}
[debug] [2024-12-16T05:44:36.497Z] [worker-pool] Cleaned up workers for us-central1-api: 1 --> 0 {"metadata":{"emulator":{"name":"functions"},"message":"[worker-pool] Cleaned up workers for us-central1-api: 1 --> 0"}}
[debug] [2024-12-16T05:44:36.505Z] [worker-pool] addWorker(us-central1-api) {"metadata":{"emulator":{"name":"functions"},"message":"[worker-pool] addWorker(us-central1-api)"}}
[debug] [2024-12-16T05:44:36.505Z] [worker-pool] Adding worker with key us-central1-api, total=1 {"metadata":{"emulator":{"name":"functions"},"message":"[worker-pool] Adding worker with key us-central1-api, total=1"}}
[info] >  (node:16756) [DEP0040] DeprecationWarning: The `punycode` module is deprecated. Please use a userland alternative instead. {"user":"(node:16756) [DEP0040] DeprecationWarning: The `punycode` module is deprecated. Please use a userland alternative instead.","metadata":{"emulator":{"name":"functions"},"function":{"name":"us-central1-api"},"extension":{},"message":"\u001b[90m> \u001b[39m (node:16756) [DEP0040] DeprecationWarning: The `punycode` module is deprecated. Please use a userland alternative instead."}}
[info] >  (Use `node --trace-deprecation ...` to show where the warning was created) {"user":"(Use `node --trace-deprecation ...` to show where the warning was created)","metadata":{"emulator":{"name":"functions"},"function":{"name":"us-central1-api"},"extension":{},"message":"\u001b[90m> \u001b[39m (Use `node --trace-deprecation ...` to show where the warning was created)"}}
[debug] [2024-12-16T05:44:38.052Z] [runtime-status] [16756] Resolved module firebase-admin {"declared":true,"installed":true,"version":"12.7.0","resolution":"C:\\Users\\vanessa carvalhal\\Downloads\\checkout-payment-sample-master\\checkout-payment-sample-master\\server\\node\\functions\\node_modules\\firebase-admin\\lib\\index.js"} {"metadata":{"emulator":{"name":"functions"},"function":{"name":"us-central1-api"},"extension":{},"message":"[runtime-status] [16756] Resolved module firebase-admin {\"declared\":true,\"installed\":true,\"version\":\"12.7.0\",\"resolution\":\"C:\\\\Users\\\\vanessa carvalhal\\\\Downloads\\\\checkout-payment-sample-master\\\\checkout-payment-sample-master\\\\server\\\\node\\\\functions\\\\node_modules\\\\firebase-admin\\\\lib\\\\index.js\"}"}}
[debug] [2024-12-16T05:44:38.054Z] [runtime-status] [16756] Resolved module firebase-functions {"declared":true,"installed":true,"version":"6.1.2","resolution":"C:\\Users\\vanessa carvalhal\\Downloads\\checkout-payment-sample-master\\checkout-payment-sample-master\\server\\node\\functions\\node_modules\\firebase-functions\\lib\\v2\\index.js"} {"metadata":{"emulator":{"name":"functions"},"function":{"name":"us-central1-api"},"extension":{},"message":"[runtime-status] [16756] Resolved module firebase-functions {\"declared\":true,\"installed\":true,\"version\":\"6.1.2\",\"resolution\":\"C:\\\\Users\\\\vanessa carvalhal\\\\Downloads\\\\checkout-payment-sample-master\\\\checkout-payment-sample-master\\\\server\\\\node\\\\functions\\\\node_modules\\\\firebase-functions\\\\lib\\\\v2\\\\index.js\"}"}}
[debug] [2024-12-16T05:44:38.054Z] [runtime-status] [16756] Outgoing network have been stubbed. [{"name":"http","status":"mocked"},{"name":"http","status":"mocked"},{"name":"https","status":"mocked"},{"name":"https","status":"mocked"},{"name":"net","status":"mocked"}] {"metadata":{"emulator":{"name":"functions"},"function":{"name":"us-central1-api"},"extension":{},"message":"[runtime-status] [16756] Outgoing network have been stubbed. [{\"name\":\"http\",\"status\":\"mocked\"},{\"name\":\"http\",\"status\":\"mocked\"},{\"name\":\"https\",\"status\":\"mocked\"},{\"name\":\"https\",\"status\":\"mocked\"},{\"name\":\"net\",\"status\":\"mocked\"}]"}}
[debug] [2024-12-16T05:44:38.055Z] [runtime-status] [16756] Resolved module firebase-functions {"declared":true,"installed":true,"version":"6.1.2","resolution":"C:\\Users\\vanessa carvalhal\\Downloads\\checkout-payment-sample-master\\checkout-payment-sample-master\\server\\node\\functions\\node_modules\\firebase-functions\\lib\\v2\\index.js"} {"metadata":{"emulator":{"name":"functions"},"function":{"name":"us-central1-api"},"extension":{},"message":"[runtime-status] [16756] Resolved module firebase-functions {\"declared\":true,\"installed\":true,\"version\":\"6.1.2\",\"resolution\":\"C:\\\\Users\\\\vanessa carvalhal\\\\Downloads\\\\checkout-payment-sample-master\\\\checkout-payment-sample-master\\\\server\\\\node\\\\functions\\\\node_modules\\\\firebase-functions\\\\lib\\\\v2\\\\index.js\"}"}}
[debug] [2024-12-16T05:44:38.485Z] [runtime-status] [16756] Checked functions.config() {"config":{}} {"metadata":{"emulator":{"name":"functions"},"function":{"name":"us-central1-api"},"extension":{},"message":"[runtime-status] [16756] Checked functions.config() {\"config\":{}}"}}
[debug] [2024-12-16T05:44:38.486Z] [runtime-status] [16756] firebase-functions has been stubbed. {"functionsResolution":{"declared":true,"installed":true,"version":"6.1.2","resolution":"C:\\Users\\vanessa carvalhal\\Downloads\\checkout-payment-sample-master\\checkout-payment-sample-master\\server\\node\\functions\\node_modules\\firebase-functions\\lib\\v2\\index.js"}} {"metadata":{"emulator":{"name":"functions"},"function":{"name":"us-central1-api"},"extension":{},"message":"[runtime-status] [16756] firebase-functions has been stubbed. {\"functionsResolution\":{\"declared\":true,\"installed\":true,\"version\":\"6.1.2\",\"resolution\":\"C:\\\\Users\\\\vanessa carvalhal\\\\Downloads\\\\checkout-payment-sample-master\\\\checkout-payment-sample-master\\\\server\\\\node\\\\functions\\\\node_modules\\\\firebase-functions\\\\lib\\\\v2\\\\index.js\"}}"}}
[debug] [2024-12-16T05:44:38.487Z] [runtime-status] [16756] Resolved module firebase-functions {"declared":true,"installed":true,"version":"6.1.2","resolution":"C:\\Users\\vanessa carvalhal\\Downloads\\checkout-payment-sample-master\\checkout-payment-sample-master\\server\\node\\functions\\node_modules\\firebase-functions\\lib\\v2\\index.js"} {"metadata":{"emulator":{"name":"functions"},"function":{"name":"us-central1-api"},"extension":{},"message":"[runtime-status] [16756] Resolved module firebase-functions {\"declared\":true,\"installed\":true,\"version\":\"6.1.2\",\"resolution\":\"C:\\\\Users\\\\vanessa carvalhal\\\\Downloads\\\\checkout-payment-sample-master\\\\checkout-payment-sample-master\\\\server\\\\node\\\\functions\\\\node_modules\\\\firebase-functions\\\\lib\\\\v2\\\\index.js\"}"}}
[debug] [2024-12-16T05:44:38.492Z] [runtime-status] [16756] Resolved module firebase-admin {"declared":true,"installed":true,"version":"12.7.0","resolution":"C:\\Users\\vanessa carvalhal\\Downloads\\checkout-payment-sample-master\\checkout-payment-sample-master\\server\\node\\functions\\node_modules\\firebase-admin\\lib\\index.js"} {"metadata":{"emulator":{"name":"functions"},"function":{"name":"us-central1-api"},"extension":{},"message":"[runtime-status] [16756] Resolved module firebase-admin {\"declared\":true,\"installed\":true,\"version\":\"12.7.0\",\"resolution\":\"C:\\\\Users\\\\vanessa carvalhal\\\\Downloads\\\\checkout-payment-sample-master\\\\checkout-payment-sample-master\\\\server\\\\node\\\\functions\\\\node_modules\\\\firebase-admin\\\\lib\\\\index.js\"}"}}
[debug] [2024-12-16T05:44:38.497Z] [runtime-status] [16756] Resolved module firebase-functions {"declared":true,"installed":true,"version":"6.1.2","resolution":"C:\\Users\\vanessa carvalhal\\Downloads\\checkout-payment-sample-master\\checkout-payment-sample-master\\server\\node\\functions\\node_modules\\firebase-functions\\lib\\v2\\index.js"} {"metadata":{"emulator":{"name":"functions"},"function":{"name":"us-central1-api"},"extension":{},"message":"[runtime-status] [16756] Resolved module firebase-functions {\"declared\":true,\"installed\":true,\"version\":\"6.1.2\",\"resolution\":\"C:\\\\Users\\\\vanessa carvalhal\\\\Downloads\\\\checkout-payment-sample-master\\\\checkout-payment-sample-master\\\\server\\\\node\\\\functions\\\\node_modules\\\\firebase-functions\\\\lib\\\\v2\\\\index.js\"}"}}
[debug] [2024-12-16T05:44:38.497Z] [runtime-status] [16756] firebase-admin has been stubbed. {"adminResolution":{"declared":true,"installed":true,"version":"12.7.0","resolution":"C:\\Users\\vanessa carvalhal\\Downloads\\checkout-payment-sample-master\\checkout-payment-sample-master\\server\\node\\functions\\node_modules\\firebase-admin\\lib\\index.js"}} {"metadata":{"emulator":{"name":"functions"},"function":{"name":"us-central1-api"},"extension":{},"message":"[runtime-status] [16756] firebase-admin has been stubbed. {\"adminResolution\":{\"declared\":true,\"installed\":true,\"version\":\"12.7.0\",\"resolution\":\"C:\\\\Users\\\\vanessa carvalhal\\\\Downloads\\\\checkout-payment-sample-master\\\\checkout-payment-sample-master\\\\server\\\\node\\\\functions\\\\node_modules\\\\firebase-admin\\\\lib\\\\index.js\"}}"}}
[debug] [2024-12-16T05:44:38.930Z] [runtime-status] [16756] Functions runtime initialized. {"cwd":"C:\\Users\\vanessa carvalhal\\Downloads\\checkout-payment-sample-master\\checkout-payment-sample-master\\server\\node\\functions","node_version":"22.12.0"} {"metadata":{"emulator":{"name":"functions"},"function":{"name":"us-central1-api"},"extension":{},"message":"[runtime-status] [16756] Functions runtime initialized. {\"cwd\":\"C:\\\\Users\\\\vanessa carvalhal\\\\Downloads\\\\checkout-payment-sample-master\\\\checkout-payment-sample-master\\\\server\\\\node\\\\functions\",\"node_version\":\"22.12.0\"}"}}
[debug] [2024-12-16T05:44:38.930Z] [runtime-status] [16756] Listening to port: \\?\pipe\fire_emu_e05ac9ab5c202351 {"metadata":{"emulator":{"name":"functions"},"function":{"name":"us-central1-api"},"extension":{},"message":"[runtime-status] [16756] Listening to port: \\\\?\\pipe\\fire_emu_e05ac9ab5c202351"}}
[debug] [2024-12-16T05:44:39.048Z] [worker-us-central1-api-bea9e99c-4cf3-4171-a5a3-68b19bc40467]: IDLE {"metadata":{"emulator":{"name":"functions"},"function":{"name":"us-central1-api"},"extension":{},"message":"[worker-us-central1-api-bea9e99c-4cf3-4171-a5a3-68b19bc40467]: IDLE"}}
[debug] [2024-12-16T05:44:39.048Z] [worker-pool] submitRequest(triggerId=us-central1-api) {"metadata":{"emulator":{"name":"functions"},"message":"[worker-pool] submitRequest(triggerId=us-central1-api)"}}
[info] i  functions: Beginning execution of "us-central1-api" {"metadata":{"emulator":{"name":"functions"},"function":{"name":"us-central1-api"},"extension":{},"message":"Beginning execution of \"us-central1-api\""}}
[debug] [2024-12-16T05:44:39.049Z] [worker-us-central1-api-bea9e99c-4cf3-4171-a5a3-68b19bc40467]: BUSY {"metadata":{"emulator":{"name":"functions"},"function":{"name":"us-central1-api"},"extension":{},"message":"[worker-us-central1-api-bea9e99c-4cf3-4171-a5a3-68b19bc40467]: BUSY"}}
[warn] !  External network resource requested!
   - URL: "https://api.mercadopago.com/checkout/preferences"
 - Be careful, this may be a production service. {"metadata":{"emulator":{"name":"functions"},"function":{"name":"us-central1-api"},"extension":{},"message":"External network resource requested!\n   - URL: \"https://api.mercadopago.com/checkout/preferences\"\n - Be careful, this may be a production service."}}
[debug] [2024-12-16T05:44:40.022Z] Finishing up request with event=pause {"metadata":{"emulator":{"name":"functions"},"function":{"name":"us-central1-api"},"extension":{},"message":"Finishing up request with event=pause"}}
[info] i  functions: Finished "us-central1-api" in 973.1215ms {"metadata":{"emulator":{"name":"functions"},"function":{"name":"us-central1-api"},"extension":{},"message":"Finished \"us-central1-api\" in 973.1215ms"}}
[debug] [2024-12-16T05:44:40.023Z] [worker-us-central1-api-bea9e99c-4cf3-4171-a5a3-68b19bc40467]: IDLE {"metadata":{"emulator":{"name":"functions"},"function":{"name":"us-central1-api"},"extension":{},"message":"[worker-us-central1-api-bea9e99c-4cf3-4171-a5a3-68b19bc40467]: IDLE"}}
[debug] [2024-12-16T05:44:40.023Z] Finishing up request with event=finish {"metadata":{"emulator":{"name":"functions"},"function":{"name":"us-central1-api"},"extension":{},"message":"Finishing up request with event=finish"}}
[debug] [2024-12-16T05:44:40.023Z] Finishing up request with event=close {"metadata":{"emulator":{"name":"functions"},"function":{"name":"us-central1-api"},"extension":{},"message":"Finishing up request with event=close"}}
[debug] [2024-12-16T05:44:40.024Z] [work-queue] {"queuedWork":[],"queueLength":0,"runningWork":[],"workRunningCount":0}
[debug] [2024-12-16T05:44:47.914Z] [work-queue] {"queuedWork":["/transporte-29b62/us-central1/api/create_preference-2024-12-16T05:44:47.914Z"],"queueLength":1,"runningWork":[],"workRunningCount":0}
[debug] [2024-12-16T05:44:47.914Z] [work-queue] {"queuedWork":[],"queueLength":0,"runningWork":["/transporte-29b62/us-central1/api/create_preference-2024-12-16T05:44:47.914Z"],"workRunningCount":1}
[debug] [2024-12-16T05:44:47.914Z] Accepted request POST /transporte-29b62/us-central1/api/create_preference --> us-central1-api
[debug] [2024-12-16T05:44:47.919Z] [functions] Runtime ready! Sending request! {"metadata":{"emulator":{"name":"functions"},"message":"[functions] Runtime ready! Sending request!"}}
[debug] [2024-12-16T05:44:47.919Z] [functions] Got req.url=/transporte-29b62/us-central1/api/create_preference, mapping to path=/create_preference {"metadata":{"emulator":{"name":"functions"},"message":"[functions] Got req.url=/transporte-29b62/us-central1/api/create_preference, mapping to path=/create_preference"}}
[debug] [2024-12-16T05:44:47.919Z] [worker-pool] submitRequest(triggerId=us-central1-api) {"metadata":{"emulator":{"name":"functions"},"message":"[worker-pool] submitRequest(triggerId=us-central1-api)"}}
[info] i  functions: Beginning execution of "us-central1-api" {"metadata":{"emulator":{"name":"functions"},"function":{"name":"us-central1-api"},"extension":{},"message":"Beginning execution of \"us-central1-api\""}}
[debug] [2024-12-16T05:44:47.925Z] [worker-us-central1-api-bea9e99c-4cf3-4171-a5a3-68b19bc40467]: BUSY {"metadata":{"emulator":{"name":"functions"},"function":{"name":"us-central1-api"},"extension":{},"message":"[worker-us-central1-api-bea9e99c-4cf3-4171-a5a3-68b19bc40467]: BUSY"}}
[debug] [2024-12-16T05:44:48.523Z] Finishing up request with event=pause {"metadata":{"emulator":{"name":"functions"},"function":{"name":"us-central1-api"},"extension":{},"message":"Finishing up request with event=pause"}}
[info] i  functions: Finished "us-central1-api" in 598.5852ms {"metadata":{"emulator":{"name":"functions"},"function":{"name":"us-central1-api"},"extension":{},"message":"Finished \"us-central1-api\" in 598.5852ms"}}
[debug] [2024-12-16T05:44:48.524Z] [worker-us-central1-api-bea9e99c-4cf3-4171-a5a3-68b19bc40467]: IDLE {"metadata":{"emulator":{"name":"functions"},"function":{"name":"us-central1-api"},"extension":{},"message":"[worker-us-central1-api-bea9e99c-4cf3-4171-a5a3-68b19bc40467]: IDLE"}}
[debug] [2024-12-16T05:44:48.524Z] Finishing up request with event=finish {"metadata":{"emulator":{"name":"functions"},"function":{"name":"us-central1-api"},"extension":{},"message":"Finishing up request with event=finish"}}
[debug] [2024-12-16T05:44:48.525Z] Finishing up request with event=close {"metadata":{"emulator":{"name":"functions"},"function":{"name":"us-central1-api"},"extension":{},"message":"Finishing up request with event=close"}}
[debug] [2024-12-16T05:44:48.525Z] [work-queue] {"queuedWork":[],"queueLength":0,"runningWork":[],"workRunningCount":0}
[debug] [2024-12-16T05:46:39.087Z] [work-queue] {"queuedWork":["/transporte-29b62/us-central1/api/create_preference-2024-12-16T05:46:39.087Z"],"queueLength":1,"runningWork":[],"workRunningCount":0}
[debug] [2024-12-16T05:46:39.088Z] [work-queue] {"queuedWork":[],"queueLength":0,"runningWork":["/transporte-29b62/us-central1/api/create_preference-2024-12-16T05:46:39.087Z"],"workRunningCount":1}
[debug] [2024-12-16T05:46:39.088Z] Accepted request POST /transporte-29b62/us-central1/api/create_preference --> us-central1-api
[debug] [2024-12-16T05:46:39.091Z] [functions] Runtime ready! Sending request! {"metadata":{"emulator":{"name":"functions"},"message":"[functions] Runtime ready! Sending request!"}}
[debug] [2024-12-16T05:46:39.091Z] [functions] Got req.url=/transporte-29b62/us-central1/api/create_preference, mapping to path=/create_preference {"metadata":{"emulator":{"name":"functions"},"message":"[functions] Got req.url=/transporte-29b62/us-central1/api/create_preference, mapping to path=/create_preference"}}
[debug] [2024-12-16T05:46:39.091Z] [worker-pool] submitRequest(triggerId=us-central1-api) {"metadata":{"emulator":{"name":"functions"},"message":"[worker-pool] submitRequest(triggerId=us-central1-api)"}}
[info] i  functions: Beginning execution of "us-central1-api" {"metadata":{"emulator":{"name":"functions"},"function":{"name":"us-central1-api"},"extension":{},"message":"Beginning execution of \"us-central1-api\""}}
[debug] [2024-12-16T05:46:39.092Z] [worker-us-central1-api-bea9e99c-4cf3-4171-a5a3-68b19bc40467]: BUSY {"metadata":{"emulator":{"name":"functions"},"function":{"name":"us-central1-api"},"extension":{},"message":"[worker-us-central1-api-bea9e99c-4cf3-4171-a5a3-68b19bc40467]: BUSY"}}
[debug] [2024-12-16T05:46:39.719Z] Finishing up request with event=pause {"metadata":{"emulator":{"name":"functions"},"function":{"name":"us-central1-api"},"extension":{},"message":"Finishing up request with event=pause"}}
[info] i  functions: Finished "us-central1-api" in 627.3479ms {"metadata":{"emulator":{"name":"functions"},"function":{"name":"us-central1-api"},"extension":{},"message":"Finished \"us-central1-api\" in 627.3479ms"}}
[debug] [2024-12-16T05:46:39.721Z] [worker-us-central1-api-bea9e99c-4cf3-4171-a5a3-68b19bc40467]: IDLE {"metadata":{"emulator":{"name":"functions"},"function":{"name":"us-central1-api"},"extension":{},"message":"[worker-us-central1-api-bea9e99c-4cf3-4171-a5a3-68b19bc40467]: IDLE"}}
[debug] [2024-12-16T05:46:39.721Z] Finishing up request with event=finish {"metadata":{"emulator":{"name":"functions"},"function":{"name":"us-central1-api"},"extension":{},"message":"Finishing up request with event=finish"}}
[debug] [2024-12-16T05:46:39.721Z] Finishing up request with event=close {"metadata":{"emulator":{"name":"functions"},"function":{"name":"us-central1-api"},"extension":{},"message":"Finishing up request with event=close"}}
[debug] [2024-12-16T05:46:39.722Z] [work-queue] {"queuedWork":[],"queueLength":0,"runningWork":[],"workRunningCount":0}
